# JRE version: OpenJDK Runtime Environment Temurin-11.0.26+4 (11.0.26+4) (build 11.0.26+4)
# Java VM: OpenJDK 64-Bit Server VM Temurin-11.0.26+4 (11.0.26+4, mixed mode, tiered, compressed oops, g1 gc, bsd-aarch64)
Heap:
 garbage-first heap   total 131072K, used 56888K [0x0000000740000000, 0x00000007c0000000)
  region size 1024K, 50 young (51200K), 6 survivors (6144K)
 Metaspace       used 39197K, capacity 39995K, committed 40304K, reserved 1085440K
  class space    used 4358K, capacity 4695K, committed 4800K, reserved 1048576K
GC Heap History (8 events):
Event: 0.191 GC heap before
{Heap before GC invocations=0 (full 0):
 garbage-first heap   total 131072K, used 24576K [0x0000000740000000, 0x00000007c0000000)
  region size 1024K, 24 young (24576K), 0 survivors (0K)
 Metaspace       used 10050K, capacity 10303K, committed 10496K, reserved 1058816K
  class space    used 899K, capacity 999K, committed 1024K, reserved 1048576K
}
Event: 0.192 GC heap after
{Heap after GC invocations=1 (full 0):
 garbage-first heap   total 131072K, used 2696K [0x0000000740000000, 0x00000007c0000000)
  region size 1024K, 3 young (3072K), 3 survivors (3072K)
 Metaspace       used 10050K, capacity 10303K, committed 10496K, reserved 1058816K
  class space    used 899K, capacity 999K, committed 1024K, reserved 1048576K
}
Event: 0.453 GC heap before
{Heap before GC invocations=1 (full 0):
 garbage-first heap   total 131072K, used 70280K [0x0000000740000000, 0x00000007c0000000)
  region size 1024K, 70 young (71680K), 3 survivors (3072K)
 Metaspace       used 20747K, capacity 21084K, committed 21248K, reserved 1069056K
  class space    used 2189K, capacity 2291K, committed 2304K, reserved 1048576K
}
Event: 0.457 GC heap after
{Heap after GC invocations=2 (full 0):
 garbage-first heap   total 131072K, used 7369K [0x0000000740000000, 0x00000007c0000000)
  region size 1024K, 8 young (8192K), 8 survivors (8192K)
 Metaspace       used 20747K, capacity 21084K, committed 21248K, reserved 1069056K
  class space    used 2189K, capacity 2291K, committed 2304K, reserved 1048576K
}
Event: 1.258 GC heap before
{Heap before GC invocations=3 (full 0):
 garbage-first heap   total 131072K, used 59593K [0x0000000740000000, 0x00000007c0000000)
  region size 1024K, 61 young (62464K), 8 survivors (8192K)
 Metaspace       used 34919K, capacity 35539K, committed 35632K, reserved 1081344K
  class space    used 3940K, capacity 4216K, committed 4224K, reserved 1048576K
}
Event: 1.263 GC heap after
{Heap after GC invocations=4 (full 0):
 garbage-first heap   total 131072K, used 10717K [0x0000000740000000, 0x00000007c0000000)
  region size 1024K, 8 young (8192K), 8 survivors (8192K)
 Metaspace       used 34919K, capacity 35539K, committed 35632K, reserved 1081344K
  class space    used 3940K, capacity 4216K, committed 4224K, reserved 1048576K
}
Event: 7.019 GC heap before
{Heap before GC invocations=5 (full 0):
 garbage-first heap   total 131072K, used 80349K [0x0000000740000000, 0x00000007c0000000)
  region size 1024K, 76 young (77824K), 8 survivors (8192K)
 Metaspace       used 38729K, capacity 39500K, committed 39664K, reserved 1085440K
  class space    used 4330K, capacity 4663K, committed 4672K, reserved 1048576K
}
Event: 7.029 GC heap after
{Heap after GC invocations=6 (full 0):
 garbage-first heap   total 131072K, used 12856K [0x0000000740000000, 0x00000007c0000000)
  region size 1024K, 6 young (6144K), 6 survivors (6144K)
 Metaspace       used 38729K, capacity 39500K, committed 39664K, reserved 1085440K
  class space    used 4330K, capacity 4663K, committed 4672K, reserved 1048576K
}

